Throughputs for "(prover) insert (x100000) rand into 2^4" running 5 times for at least 2 CPU seconds:
(prover) insert (x100000) rand into 2^4: 4.46679 WALL (2.14107 usr + 0.46896 sys = 2.61003 CPU) @ 0.76627/s (n=2)
                                         (warning: too few iterations for a reliable count)
                                         4.50646 WALL (2.16179 usr + 0.46197 sys = 2.62376 CPU) @ 0.76227/s (n=2)
                                         (warning: too few iterations for a reliable count)
                                         4.18473 WALL (2.08215 usr + 0.48201 sys = 2.56415 CPU) @ 0.77998/s (n=2)
                                         (warning: too few iterations for a reliable count)
                                         4.28730 WALL (2.18704 usr + 0.47392 sys = 2.66096 CPU) @ 0.75161/s (n=2)
                                         (warning: too few iterations for a reliable count)
                                         4.50842 WALL (2.18720 usr + 0.46299 sys = 2.65019 CPU) @ 0.75466/s (n=2)
                                         (warning: too few iterations for a reliable count)
Allocated bytes: 5469
                                        s/iter     (prover) insert (x100000) rand into 2^4
(prover) insert (x100000) rand into 2^4 1.31+-0.02                                      --
Throughputs for "(prover) insert (x100000) rand into 2^5" running 5 times for at least 2 CPU seconds:
(prover) insert (x100000) rand into 2^5: 5.36084 WALL (2.63437 usr + 0.49398 sys = 3.12835 CPU) @ 0.63932/s (n=2)
                                         (warning: too few iterations for a reliable count)
                                         5.02524 WALL (2.54449 usr + 0.50599 sys = 3.05048 CPU) @ 0.65563/s (n=2)
                                         (warning: too few iterations for a reliable count)
                                         5.17208 WALL (2.59217 usr + 0.47105 sys = 3.06321 CPU) @ 0.65291/s (n=2)
                                         (warning: too few iterations for a reliable count)
                                         5.18621 WALL (2.65917 usr + 0.47104 sys = 3.13021 CPU) @ 0.63893/s (n=2)
                                         (warning: too few iterations for a reliable count)
                                         5.24905 WALL (2.65809 usr + 0.50998 sys = 3.16807 CPU) @ 0.63130/s (n=2)
                                         (warning: too few iterations for a reliable count)
Allocated bytes: 5600
                                        s/iter     (prover) insert (x100000) rand into 2^5
(prover) insert (x100000) rand into 2^5 1.55+-0.02                                      --
Throughputs for "(prover) insert (x100000) rand into 2^6" running 5 times for at least 2 CPU seconds:
(prover) insert (x100000) rand into 2^6: 5.92044 WALL (2.78401 usr + 0.55507 sys = 3.33908 CPU) @ 0.59897/s (n=2)
                                         (warning: too few iterations for a reliable count)
                                         6.19143 WALL (2.78355 usr + 0.54403 sys = 3.32758 CPU) @ 0.60104/s (n=2)
                                         (warning: too few iterations for a reliable count)
                                         5.85053 WALL (2.80601 usr + 0.56904 sys = 3.37506 CPU) @ 0.59258/s (n=2)
                                         (warning: too few iterations for a reliable count)
                                         6.05200 WALL (2.83447 usr + 0.54396 sys = 3.37843 CPU) @ 0.59199/s (n=2)
                                         (warning: too few iterations for a reliable count)
                                         5.96515 WALL (2.94366 usr + 0.40904 sys = 3.35271 CPU) @ 0.59653/s (n=2)
                                         (warning: too few iterations for a reliable count)
Allocated bytes: 9899
                                        s/iter     (prover) insert (x100000) rand into 2^6
(prover) insert (x100000) rand into 2^6 1.68+-0.01                                      --
Throughputs for "(prover) insert (x100000) rand into 2^7" running 5 times for at least 2 CPU seconds:
(prover) insert (x100000) rand into 2^7: 6.91834 WALL (3.17645 usr + 0.52996 sys = 3.70640 CPU) @ 0.53961/s (n=2)
                                         (warning: too few iterations for a reliable count)
                                         7.24616 WALL (3.13412 usr + 0.41403 sys = 3.54815 CPU) @ 0.56367/s (n=2)
                                         (warning: too few iterations for a reliable count)
                                         6.57240 WALL (3.13045 usr + 0.42898 sys = 3.55943 CPU) @ 0.56189/s (n=2)
                                         (warning: too few iterations for a reliable count)
                                         6.49446 WALL (3.09964 usr + 0.37411 sys = 3.47375 CPU) @ 0.57575/s (n=2)
                                         (warning: too few iterations for a reliable count)
                                         6.57556 WALL (3.11492 usr + 0.51314 sys = 3.62806 CPU) @ 0.55126/s (n=2)
                                         (warning: too few iterations for a reliable count)
Allocated bytes: 14263
                                        s/iter     (prover) insert (x100000) rand into 2^7
(prover) insert (x100000) rand into 2^7 1.79+-0.04                                      --
Throughputs for "(prover) insert (x100000) rand into 2^8" running 5 times for at least 2 CPU seconds:
(prover) insert (x100000) rand into 2^8: 3.70983 WALL (1.72822 usr + 0.35098 sys = 2.07920 CPU) @ 0.48095/s (n=1)
                                         (warning: too few iterations for a reliable count)
                                         3.75747 WALL (1.71852 usr + 0.35992 sys = 2.07843 CPU) @ 0.48113/s (n=1)
                                         (warning: too few iterations for a reliable count)
                                         3.66708 WALL (1.71719 usr + 0.35701 sys = 2.07420 CPU) @ 0.48211/s (n=1)
                                         (warning: too few iterations for a reliable count)
                                         3.63248 WALL (1.69562 usr + 0.35488 sys = 2.05050 CPU) @ 0.48768/s (n=1)
                                         (warning: too few iterations for a reliable count)
                                         3.77841 WALL (1.70850 usr + 0.34513 sys = 2.05363 CPU) @ 0.48694/s (n=1)
                                         (warning: too few iterations for a reliable count)
Allocated bytes: 26057
                                        s/iter     (prover) insert (x100000) rand into 2^8
(prover) insert (x100000) rand into 2^8 2.07+-0.01                                      --
Throughputs for "(prover) insert (x100000) rand into 2^9" running 5 times for at least 2 CPU seconds:
(prover) insert (x100000) rand into 2^9: 3.90760 WALL (1.84079 usr + 0.36988 sys = 2.21067 CPU) @ 0.45235/s (n=1)
                                         (warning: too few iterations for a reliable count)
                                         4.15360 WALL (1.84804 usr + 0.31300 sys = 2.16104 CPU) @ 0.46274/s (n=1)
                                         (warning: too few iterations for a reliable count)
                                         3.92726 WALL (1.80476 usr + 0.35099 sys = 2.15575 CPU) @ 0.46388/s (n=1)
                                         (warning: too few iterations for a reliable count)
                                         3.93856 WALL (1.79375 usr + 0.38485 sys = 2.17859 CPU) @ 0.45901/s (n=1)
                                         (warning: too few iterations for a reliable count)
                                         3.95254 WALL (1.79063 usr + 0.39096 sys = 2.18159 CPU) @ 0.45838/s (n=1)
                                         (warning: too few iterations for a reliable count)
Allocated bytes: 56944
                                        s/iter     (prover) insert (x100000) rand into 2^9
(prover) insert (x100000) rand into 2^9 2.18+-0.02                                      --
Throughputs for "(prover) insert (x100000) rand into 2^10" running 5 times for at least 2 CPU seconds:
(prover) insert (x100000) rand into 2^10: 4.19571 WALL (1.97529 usr + 0.38497 sys = 2.36026 CPU) @ 0.42368/s (n=1)
                                          (warning: too few iterations for a reliable count)
                                          4.72929 WALL (1.98200 usr + 0.40411 sys = 2.38611 CPU) @ 0.41909/s (n=1)
                                          (warning: too few iterations for a reliable count)
                                          4.38663 WALL (2.02871 usr + 0.33206 sys = 2.36076 CPU) @ 0.42359/s (n=1)
                                          (warning: too few iterations for a reliable count)
                                          4.47145 WALL (2.04716 usr + 0.41501 sys = 2.46216 CPU) @ 0.40615/s (n=1)
                                          (warning: too few iterations for a reliable count)
                                          4.55588 WALL (2.04488 usr + 0.42207 sys = 2.46695 CPU) @ 0.40536/s (n=1)
                                          (warning: too few iterations for a reliable count)
Allocated bytes: 98742
                                         s/iter     (prover) insert (x100000) rand into 2^10
(prover) insert (x100000) rand into 2^10 2.41+-0.05                                       --
Throughputs for "(prover) insert (x100000) rand into 2^11" running 5 times for at least 2 CPU seconds:
(prover) insert (x100000) rand into 2^11: 4.61569 WALL (2.15240 usr + 0.42715 sys = 2.57955 CPU) @ 0.38766/s (n=1)
                                          (warning: too few iterations for a reliable count)
                                          4.74522 WALL (2.15524 usr + 0.41503 sys = 2.57027 CPU) @ 0.38906/s (n=1)
                                          (warning: too few iterations for a reliable count)
                                          4.82180 WALL (2.17814 usr + 0.41015 sys = 2.58829 CPU) @ 0.38636/s (n=1)
                                          (warning: too few iterations for a reliable count)
                                          4.85476 WALL (2.14505 usr + 0.43412 sys = 2.57917 CPU) @ 0.38772/s (n=1)
                                          (warning: too few iterations for a reliable count)
                                          4.79706 WALL (2.15975 usr + 0.37801 sys = 2.53776 CPU) @ 0.39405/s (n=1)
                                          (warning: too few iterations for a reliable count)
Allocated bytes: 203106
                                         s/iter     (prover) insert (x100000) rand into 2^11
(prover) insert (x100000) rand into 2^11 2.57+-0.02                                       --
Throughputs for "(prover) insert (x100000) rand into 2^12" running 5 times for at least 2 CPU seconds:
(prover) insert (x100000) rand into 2^12: 5.16940 WALL (2.27182 usr + 0.45690 sys = 2.72872 CPU) @ 0.36647/s (n=1)
                                          (warning: too few iterations for a reliable count)
                                          5.09883 WALL (2.33270 usr + 0.39004 sys = 2.72275 CPU) @ 0.36728/s (n=1)
                                          (warning: too few iterations for a reliable count)
                                          5.07858 WALL (2.33363 usr + 0.45122 sys = 2.78485 CPU) @ 0.35909/s (n=1)
                                          (warning: too few iterations for a reliable count)
                                          5.12402 WALL (2.34639 usr + 0.45306 sys = 2.79945 CPU) @ 0.35721/s (n=1)
                                          (warning: too few iterations for a reliable count)
                                          5.04088 WALL (2.30651 usr + 0.46599 sys = 2.77249 CPU) @ 0.36069/s (n=1)
                                          (warning: too few iterations for a reliable count)
Allocated bytes: 414222
                                         s/iter     (prover) insert (x100000) rand into 2^12
(prover) insert (x100000) rand into 2^12 2.76+-0.03                                       --
Throughputs for "(prover) insert (x100000) rand into 2^13" running 5 times for at least 2 CPU seconds:
(prover) insert (x100000) rand into 2^13: 5.48026 WALL (2.49966 usr + 0.49289 sys = 2.99254 CPU) @ 0.33416/s (n=1)
                                          (warning: too few iterations for a reliable count)
                                          5.71317 WALL (2.55180 usr + 0.52195 sys = 3.07375 CPU) @ 0.32534/s (n=1)
                                          (warning: too few iterations for a reliable count)
                                          5.53033 WALL (2.47302 usr + 0.52317 sys = 2.99620 CPU) @ 0.33376/s (n=1)
                                          (warning: too few iterations for a reliable count)
                                          5.56112 WALL (2.52858 usr + 0.54005 sys = 3.06863 CPU) @ 0.32588/s (n=1)
                                          (warning: too few iterations for a reliable count)
                                          5.65034 WALL (2.57224 usr + 0.52808 sys = 3.10032 CPU) @ 0.32255/s (n=1)
                                          (warning: too few iterations for a reliable count)
Allocated bytes: 578880
                                         s/iter     (prover) insert (x100000) rand into 2^13
(prover) insert (x100000) rand into 2^13 3.05+-0.04                                       --
Throughputs for "(prover) insert (x100000) rand into 2^14" running 5 times for at least 2 CPU seconds:
(prover) insert (x100000) rand into 2^14: 5.83524 WALL (2.72712 usr + 0.47108 sys = 3.19820 CPU) @ 0.31268/s (n=1)
                                          (warning: too few iterations for a reliable count)
                                          6.20041 WALL (2.80616 usr + 0.52683 sys = 3.33299 CPU) @ 0.30003/s (n=1)
                                          (warning: too few iterations for a reliable count)
                                          6.21116 WALL (2.68770 usr + 0.53916 sys = 3.22686 CPU) @ 0.30990/s (n=1)
                                          (warning: too few iterations for a reliable count)
                                          6.03589 WALL (2.70134 usr + 0.47208 sys = 3.17342 CPU) @ 0.31512/s (n=1)
                                          (warning: too few iterations for a reliable count)
                                          5.86938 WALL (2.61145 usr + 0.50934 sys = 3.12079 CPU) @ 0.32043/s (n=1)
                                          (warning: too few iterations for a reliable count)
Allocated bytes: 1295666
                                         s/iter     (prover) insert (x100000) rand into 2^14
(prover) insert (x100000) rand into 2^14 3.21+-0.07                                       --
Throughputs for "(prover) insert (x100000) rand into 2^15" running 5 times for at least 2 CPU seconds:
(prover) insert (x100000) rand into 2^15: 6.11170 WALL (2.81861 usr + 0.53118 sys = 3.34978 CPU) @ 0.29853/s (n=1)
                                          (warning: too few iterations for a reliable count)
                                          6.66162 WALL (3.04124 usr + 0.58371 sys = 3.62495 CPU) @ 0.27587/s (n=1)
                                          (warning: too few iterations for a reliable count)
                                          6.33651 WALL (2.79918 usr + 0.57305 sys = 3.37223 CPU) @ 0.29654/s (n=1)
                                          (warning: too few iterations for a reliable count)
                                          6.40731 WALL (2.86838 usr + 0.52998 sys = 3.39836 CPU) @ 0.29426/s (n=1)
                                          (warning: too few iterations for a reliable count)
                                          6.51721 WALL (3.02121 usr + 0.58016 sys = 3.60137 CPU) @ 0.27767/s (n=1)
                                          (warning: too few iterations for a reliable count)
Allocated bytes: 2250340
                                         s/iter     (prover) insert (x100000) rand into 2^15
(prover) insert (x100000) rand into 2^15 3.47+-0.11                                       --
Throughputs for "(prover) insert (x100000) rand into 2^16" running 5 times for at least 2 CPU seconds:
(prover) insert (x100000) rand into 2^16: 6.88080 WALL (3.25652 usr + 0.43004 sys = 3.68657 CPU) @ 0.27125/s (n=1)
                                          (warning: too few iterations for a reliable count)
                                          7.09724 WALL (3.04531 usr + 0.61098 sys = 3.65629 CPU) @ 0.27350/s (n=1)
                                          (warning: too few iterations for a reliable count)
                                          6.84593 WALL (3.12506 usr + 0.55615 sys = 3.68122 CPU) @ 0.27165/s (n=1)
                                          (warning: too few iterations for a reliable count)
                                          6.89246 WALL (3.27732 usr + 0.56517 sys = 3.84249 CPU) @ 0.26025/s (n=1)
                                          (warning: too few iterations for a reliable count)
                                          6.81157 WALL (3.05169 usr + 0.55706 sys = 3.60875 CPU) @ 0.27710/s (n=1)
                                          (warning: too few iterations for a reliable count)
Allocated bytes: 4151543
                                         s/iter     (prover) insert (x100000) rand into 2^16
(prover) insert (x100000) rand into 2^16 3.69+-0.07                                       --
Throughputs for "(prover) insert (x100000) rand into 2^17" running 5 times for at least 2 CPU seconds:
(prover) insert (x100000) rand into 2^17: 6.77268 WALL (3.44791 usr + 0.38807 sys = 3.83598 CPU) @ 0.26069/s (n=1)
                                          (warning: too few iterations for a reliable count)
                                          9.21163 WALL (3.30491 usr + 0.62315 sys = 3.92805 CPU) @ 0.25458/s (n=1)
                                          (warning: too few iterations for a reliable count)
                                          7.69132 WALL (3.32527 usr + 0.67670 sys = 4.00197 CPU) @ 0.24988/s (n=1)
                                          (warning: too few iterations for a reliable count)
                                          7.24221 WALL (3.32069 usr + 0.62213 sys = 3.94282 CPU) @ 0.25363/s (n=1)
                                          (warning: too few iterations for a reliable count)
                                          7.22249 WALL (3.31230 usr + 0.56097 sys = 3.87327 CPU) @ 0.25818/s (n=1)
                                          (warning: too few iterations for a reliable count)
Allocated bytes: 7905331
                                         s/iter     (prover) insert (x100000) rand into 2^17
(prover) insert (x100000) rand into 2^17 3.92+-0.05                                       --
Throughputs for "(prover) insert (x100000) rand into 2^18" running 5 times for at least 2 CPU seconds:
(prover) insert (x100000) rand into 2^18: 7.42549 WALL (3.26655 usr + 0.66714 sys = 3.93369 CPU) @ 0.25421/s (n=1)
                                          (warning: too few iterations for a reliable count)
                                          7.90369 WALL (3.49066 usr + 0.72136 sys = 4.21202 CPU) @ 0.23742/s (n=1)
                                          (warning: too few iterations for a reliable count)
                                          7.84714 WALL (3.44900 usr + 0.70966 sys = 4.15866 CPU) @ 0.24046/s (n=1)
                                          (warning: too few iterations for a reliable count)
                                          7.92577 WALL (3.36697 usr + 0.70572 sys = 4.07269 CPU) @ 0.24554/s (n=1)
                                          (warning: too few iterations for a reliable count)
                                          7.79167 WALL (3.44964 usr + 0.73015 sys = 4.17979 CPU) @ 0.23925/s (n=1)
                                          (warning: too few iterations for a reliable count)
Allocated bytes: 15366405
                                         s/iter     (prover) insert (x100000) rand into 2^18
(prover) insert (x100000) rand into 2^18 4.11+-0.10                                       --
Throughputs for "(prover) insert (x100000) rand into 2^19" running 5 times for at least 2 CPU seconds:
(prover) insert (x100000) rand into 2^19: 4.60937 WALL (3.66235 usr + 0.42688 sys = 4.08923 CPU) @ 0.24454/s (n=1)
                                          (warning: too few iterations for a reliable count)
                                          8.44439 WALL (3.71167 usr + 0.77523 sys = 4.48690 CPU) @ 0.22287/s (n=1)
                                          (warning: too few iterations for a reliable count)
                                          8.12239 WALL (3.48895 usr + 0.77967 sys = 4.26862 CPU) @ 0.23427/s (n=1)
                                          (warning: too few iterations for a reliable count)
                                          7.91072 WALL (3.58623 usr + 0.72327 sys = 4.30950 CPU) @ 0.23205/s (n=1)
                                          (warning: too few iterations for a reliable count)
                                          8.48951 WALL (3.67088 usr + 0.53927 sys = 4.21015 CPU) @ 0.23752/s (n=1)
                                          (warning: too few iterations for a reliable count)
Allocated bytes: 30214001
                                         s/iter     (prover) insert (x100000) rand into 2^19
(prover) insert (x100000) rand into 2^19 4.27+-0.12                                       --
Throughputs for "(prover) insert (x100000) rand into 2^20" running 5 times for at least 2 CPU seconds:
(prover) insert (x100000) rand into 2^20: 8.45785 WALL (3.87931 usr + 0.65014 sys = 4.52945 CPU) @ 0.22078/s (n=1)
                                          (warning: too few iterations for a reliable count)
                                          4.09871 WALL (3.76375 usr + 0.33393 sys = 4.09768 CPU) @ 0.24404/s (n=1)
                                          (warning: too few iterations for a reliable count)
                                          8.60609 WALL (3.74601 usr + 0.73457 sys = 4.48057 CPU) @ 0.22319/s (n=1)
                                          (warning: too few iterations for a reliable count)
                                          8.77273 WALL (3.98872 usr + 0.69434 sys = 4.68306 CPU) @ 0.21354/s (n=1)
                                          (warning: too few iterations for a reliable count)
                                          8.92086 WALL (3.90843 usr + 0.61829 sys = 4.52671 CPU) @ 0.22091/s (n=1)
                                          (warning: too few iterations for a reliable count)
Allocated bytes: 59624132
                                         s/iter     (prover) insert (x100000) rand into 2^20
(prover) insert (x100000) rand into 2^20 4.45+-0.19                                       --
Throughputs for "(prover) insert (x100000) rand into 2^21" running 5 times for at least 2 CPU seconds:
(prover) insert (x100000) rand into 2^21: 8.82842 WALL (4.29213 usr + 0.64663 sys = 4.93876 CPU) @ 0.20248/s (n=1)
                                          (warning: too few iterations for a reliable count)
                                          4.48842 WALL (4.09292 usr + 0.39392 sys = 4.48684 CPU) @ 0.22287/s (n=1)
                                          (warning: too few iterations for a reliable count)
                                          9.71307 WALL (3.98227 usr + 0.76760 sys = 4.74987 CPU) @ 0.21053/s (n=1)
                                          (warning: too few iterations for a reliable count)
                                          9.36201 WALL (4.32771 usr + 0.81008 sys = 5.13779 CPU) @ 0.19464/s (n=1)
                                          (warning: too few iterations for a reliable count)
                                          8.68751 WALL (4.04137 usr + 0.51706 sys = 4.55842 CPU) @ 0.21937/s (n=1)
                                          (warning: too few iterations for a reliable count)
Allocated bytes: 117479407
                                         s/iter     (prover) insert (x100000) rand into 2^21
(prover) insert (x100000) rand into 2^21 4.76+-0.23                                       --


Throughputs for "(verifier) insert (x100000) rand into 2^4" running 5 times for at least 2 CPU seconds:
(verifier) insert (x100000) rand into 2^4: 2.13567 WALL (2.01548 usr + 0.06819 sys = 2.08366 CPU) @ 0.47992/s (n=1)
                                           (warning: too few iterations for a reliable count)
                                           2.04351 WALL (2.01848 usr + 0.02491 sys = 2.04339 CPU) @ 0.48938/s (n=1)
                                           (warning: too few iterations for a reliable count)
                                           2.02611 WALL (2.01001 usr + 0.01601 sys = 2.02602 CPU) @ 0.49358/s (n=1)
                                           (warning: too few iterations for a reliable count)
                                           2.03020 WALL (2.01617 usr + 0.01389 sys = 2.03006 CPU) @ 0.49260/s (n=1)
                                           (warning: too few iterations for a reliable count)
                                           2.02495 WALL (2.00080 usr + 0.02399 sys = 2.02479 CPU) @ 0.49388/s (n=1)
                                           (warning: too few iterations for a reliable count)
Allocated bytes: 4708
                                          s/iter     (verifier) insert (x100000) rand into 2^4
(verifier) insert (x100000) rand into 2^4 2.04+-0.02                                        --
Throughputs for "(verifier) insert (x100000) rand into 2^5" running 5 times for at least 2 CPU seconds:
(verifier) insert (x100000) rand into 2^5: 2.49976 WALL (2.35038 usr + 0.07695 sys = 2.42733 CPU) @ 0.41198/s (n=1)
                                           (warning: too few iterations for a reliable count)
                                           2.36327 WALL (2.33912 usr + 0.02403 sys = 2.36314 CPU) @ 0.42317/s (n=1)
                                           (warning: too few iterations for a reliable count)
                                           2.37033 WALL (2.34016 usr + 0.03003 sys = 2.37019 CPU) @ 0.42191/s (n=1)
                                           (warning: too few iterations for a reliable count)
                                           2.35970 WALL (2.33457 usr + 0.02498 sys = 2.35955 CPU) @ 0.42381/s (n=1)
                                           (warning: too few iterations for a reliable count)
                                           2.35777 WALL (2.32960 usr + 0.02798 sys = 2.35758 CPU) @ 0.42416/s (n=1)
                                           (warning: too few iterations for a reliable count)
Allocated bytes: 4631
                                          s/iter     (verifier) insert (x100000) rand into 2^5
(verifier) insert (x100000) rand into 2^5 2.38+-0.02                                        --
Throughputs for "(verifier) insert (x100000) rand into 2^6" running 5 times for at least 2 CPU seconds:
(verifier) insert (x100000) rand into 2^6: 2.82687 WALL (2.67374 usr + 0.10185 sys = 2.77559 CPU) @ 0.36028/s (n=1)
                                           (warning: too few iterations for a reliable count)
                                           2.71428 WALL (2.67806 usr + 0.03602 sys = 2.71408 CPU) @ 0.36845/s (n=1)
                                           (warning: too few iterations for a reliable count)
                                           2.69016 WALL (2.66304 usr + 0.02697 sys = 2.69001 CPU) @ 0.37175/s (n=1)
                                           (warning: too few iterations for a reliable count)
                                           2.68996 WALL (2.66078 usr + 0.02900 sys = 2.68978 CPU) @ 0.37178/s (n=1)
                                           (warning: too few iterations for a reliable count)
                                           2.68881 WALL (2.65362 usr + 0.03499 sys = 2.68861 CPU) @ 0.37194/s (n=1)
                                           (warning: too few iterations for a reliable count)
Allocated bytes: 4334
                                          s/iter     (verifier) insert (x100000) rand into 2^6
(verifier) insert (x100000) rand into 2^6 2.71+-0.03                                        --
Throughputs for "(verifier) insert (x100000) rand into 2^7" running 5 times for at least 2 CPU seconds:
(verifier) insert (x100000) rand into 2^7: 3.16995 WALL (2.98692 usr + 0.08990 sys = 3.07682 CPU) @ 0.32501/s (n=1)
                                           (warning: too few iterations for a reliable count)
                                           3.02015 WALL (2.97985 usr + 0.04001 sys = 3.01986 CPU) @ 0.33114/s (n=1)
                                           (warning: too few iterations for a reliable count)
                                           2.99606 WALL (2.95887 usr + 0.03701 sys = 2.99588 CPU) @ 0.33379/s (n=1)
                                           (warning: too few iterations for a reliable count)
                                           2.99636 WALL (2.96814 usr + 0.02798 sys = 2.99611 CPU) @ 0.33377/s (n=1)
                                           (warning: too few iterations for a reliable count)
                                           2.99264 WALL (2.95816 usr + 0.03402 sys = 2.99218 CPU) @ 0.33420/s (n=1)
                                           (warning: too few iterations for a reliable count)
Allocated bytes: 4191
                                          s/iter     (verifier) insert (x100000) rand into 2^7
(verifier) insert (x100000) rand into 2^7 3.02+-0.03                                        --
Throughputs for "(verifier) insert (x100000) rand into 2^8" running 5 times for at least 2 CPU seconds:
(verifier) insert (x100000) rand into 2^8: 3.45104 WALL (3.31141 usr + 0.09994 sys = 3.41135 CPU) @ 0.29314/s (n=1)
                                           (warning: too few iterations for a reliable count)
                                           3.33781 WALL (3.29854 usr + 0.03900 sys = 3.33754 CPU) @ 0.29962/s (n=1)
                                           (warning: too few iterations for a reliable count)
                                           3.36599 WALL (3.32744 usr + 0.03799 sys = 3.36543 CPU) @ 0.29714/s (n=1)
                                           (warning: too few iterations for a reliable count)
                                           3.33253 WALL (3.29126 usr + 0.04102 sys = 3.33229 CPU) @ 0.30009/s (n=1)
                                           (warning: too few iterations for a reliable count)
                                           3.33048 WALL (3.29223 usr + 0.03799 sys = 3.33021 CPU) @ 0.30028/s (n=1)
                                           (warning: too few iterations for a reliable count)
Allocated bytes: 3734
                                          s/iter     (verifier) insert (x100000) rand into 2^8
(verifier) insert (x100000) rand into 2^8 3.36+-0.03                                        --
Throughputs for "(verifier) insert (x100000) rand into 2^9" running 5 times for at least 2 CPU seconds:
(verifier) insert (x100000) rand into 2^9: 3.91811 WALL (3.61616 usr + 0.09397 sys = 3.71014 CPU) @ 0.26953/s (n=1)
                                           (warning: too few iterations for a reliable count)
                                           3.62845 WALL (3.58601 usr + 0.04198 sys = 3.62799 CPU) @ 0.27563/s (n=1)
                                           (warning: too few iterations for a reliable count)
                                           3.61095 WALL (3.56660 usr + 0.04400 sys = 3.61060 CPU) @ 0.27696/s (n=1)
                                           (warning: too few iterations for a reliable count)
                                           3.61777 WALL (3.58843 usr + 0.02899 sys = 3.61742 CPU) @ 0.27644/s (n=1)
                                           (warning: too few iterations for a reliable count)
                                           3.61440 WALL (3.57095 usr + 0.04298 sys = 3.61393 CPU) @ 0.27671/s (n=1)
                                           (warning: too few iterations for a reliable count)
Allocated bytes: 4120
                                          s/iter     (verifier) insert (x100000) rand into 2^9
(verifier) insert (x100000) rand into 2^9 3.64+-0.04                                        --
Throughputs for "(verifier) insert (x100000) rand into 2^10" running 5 times for at least 2 CPU seconds:
(verifier) insert (x100000) rand into 2^10: 4.18958 WALL (3.98853 usr + 0.13395 sys = 4.12249 CPU) @ 0.24257/s (n=1)
                                            (warning: too few iterations for a reliable count)
                                            4.02399 WALL (3.97464 usr + 0.04900 sys = 4.02364 CPU) @ 0.24853/s (n=1)
                                            (warning: too few iterations for a reliable count)
                                            4.05372 WALL (4.00200 usr + 0.05098 sys = 4.05298 CPU) @ 0.24673/s (n=1)
                                            (warning: too few iterations for a reliable count)
                                            4.02133 WALL (3.98194 usr + 0.03898 sys = 4.02092 CPU) @ 0.24870/s (n=1)
                                            (warning: too few iterations for a reliable count)
                                            4.02155 WALL (3.98521 usr + 0.03602 sys = 4.02123 CPU) @ 0.24868/s (n=1)
                                            (warning: too few iterations for a reliable count)
Allocated bytes: 5071
                                           s/iter     (verifier) insert (x100000) rand into 2^10
(verifier) insert (x100000) rand into 2^10 4.05+-0.04                                         --
Throughputs for "(verifier) insert (x100000) rand into 2^11" running 5 times for at least 2 CPU seconds:
(verifier) insert (x100000) rand into 2^11: 4.56442 WALL (4.32605 usr + 0.14995 sys = 4.47599 CPU) @ 0.22341/s (n=1)
                                            (warning: too few iterations for a reliable count)
                                            4.37743 WALL (4.33591 usr + 0.04098 sys = 4.37690 CPU) @ 0.22847/s (n=1)
                                            (warning: too few iterations for a reliable count)
                                            4.38353 WALL (4.33215 usr + 0.05102 sys = 4.38316 CPU) @ 0.22815/s (n=1)
                                            (warning: too few iterations for a reliable count)
                                            4.38912 WALL (4.34357 usr + 0.04500 sys = 4.38857 CPU) @ 0.22786/s (n=1)
                                            (warning: too few iterations for a reliable count)
                                            4.38108 WALL (4.34580 usr + 0.03498 sys = 4.38078 CPU) @ 0.22827/s (n=1)
                                            (warning: too few iterations for a reliable count)
Allocated bytes: 4239
                                           s/iter     (verifier) insert (x100000) rand into 2^11
(verifier) insert (x100000) rand into 2^11 4.40+-0.04                                         --
Throughputs for "(verifier) insert (x100000) rand into 2^12" running 5 times for at least 2 CPU seconds:
(verifier) insert (x100000) rand into 2^12: 5.08781 WALL (4.64272 usr + 0.15304 sys = 4.79576 CPU) @ 0.20852/s (n=1)
                                            (warning: too few iterations for a reliable count)
                                            4.64772 WALL (4.60126 usr + 0.04602 sys = 4.64728 CPU) @ 0.21518/s (n=1)
                                            (warning: too few iterations for a reliable count)
                                            4.63631 WALL (4.59601 usr + 0.03998 sys = 4.63600 CPU) @ 0.21570/s (n=1)
                                            (warning: too few iterations for a reliable count)
                                            4.66139 WALL (4.61732 usr + 0.04302 sys = 4.66034 CPU) @ 0.21458/s (n=1)
                                            (warning: too few iterations for a reliable count)
                                            4.63602 WALL (4.57564 usr + 0.06000 sys = 4.63563 CPU) @ 0.21572/s (n=1)
                                            (warning: too few iterations for a reliable count)
Allocated bytes: 4453
                                           s/iter     (verifier) insert (x100000) rand into 2^12
(verifier) insert (x100000) rand into 2^12 4.67+-0.06                                         --
Throughputs for "(verifier) insert (x100000) rand into 2^13" running 5 times for at least 2 CPU seconds:
(verifier) insert (x100000) rand into 2^13: 5.32956 WALL (4.99567 usr + 0.18894 sys = 5.18461 CPU) @ 0.19288/s (n=1)
                                            (warning: too few iterations for a reliable count)
                                            5.09507 WALL (5.02851 usr + 0.05105 sys = 5.07955 CPU) @ 0.19687/s (n=1)
                                            (warning: too few iterations for a reliable count)
                                            5.04331 WALL (4.97998 usr + 0.06298 sys = 5.04297 CPU) @ 0.19830/s (n=1)
                                            (warning: too few iterations for a reliable count)
                                            5.05724 WALL (5.01173 usr + 0.04500 sys = 5.05674 CPU) @ 0.19776/s (n=1)
                                            (warning: too few iterations for a reliable count)
                                            5.04101 WALL (4.98562 usr + 0.05500 sys = 5.04062 CPU) @ 0.19839/s (n=1)
                                            (warning: too few iterations for a reliable count)
Allocated bytes: 4301
                                           s/iter     (verifier) insert (x100000) rand into 2^13
(verifier) insert (x100000) rand into 2^13 5.08+-0.05                                         --
Throughputs for "(verifier) insert (x100000) rand into 2^14" running 5 times for at least 2 CPU seconds:
(verifier) insert (x100000) rand into 2^14: 5.72944 WALL (5.32194 usr + 0.17894 sys = 5.50089 CPU) @ 0.18179/s (n=1)
                                            (warning: too few iterations for a reliable count)
                                            5.51045 WALL (5.26826 usr + 0.08706 sys = 5.35532 CPU) @ 0.18673/s (n=1)
                                            (warning: too few iterations for a reliable count)
                                            5.31924 WALL (5.24302 usr + 0.07598 sys = 5.31900 CPU) @ 0.18801/s (n=1)
                                            (warning: too few iterations for a reliable count)
                                            5.32680 WALL (5.27338 usr + 0.05299 sys = 5.32637 CPU) @ 0.18775/s (n=1)
                                            (warning: too few iterations for a reliable count)
                                            5.31538 WALL (5.26906 usr + 0.04601 sys = 5.31507 CPU) @ 0.18814/s (n=1)
                                            (warning: too few iterations for a reliable count)
Allocated bytes: 4212
                                           s/iter     (verifier) insert (x100000) rand into 2^14
(verifier) insert (x100000) rand into 2^14 5.36+-0.07                                         --
Throughputs for "(verifier) insert (x100000) rand into 2^15" running 5 times for at least 2 CPU seconds:
(verifier) insert (x100000) rand into 2^15: 6.18866 WALL (5.63826 usr + 0.21095 sys = 5.84922 CPU) @ 0.17096/s (n=1)
                                            (warning: too few iterations for a reliable count)
                                            5.65609 WALL (5.59672 usr + 0.05900 sys = 5.65572 CPU) @ 0.17681/s (n=1)
                                            (warning: too few iterations for a reliable count)
                                            5.65074 WALL (5.59531 usr + 0.05499 sys = 5.65031 CPU) @ 0.17698/s (n=1)
                                            (warning: too few iterations for a reliable count)
                                            5.65137 WALL (5.59603 usr + 0.05501 sys = 5.65104 CPU) @ 0.17696/s (n=1)
                                            (warning: too few iterations for a reliable count)
                                            5.70812 WALL (5.63288 usr + 0.07498 sys = 5.70786 CPU) @ 0.17520/s (n=1)
                                            (warning: too few iterations for a reliable count)
Allocated bytes: 4148
                                           s/iter     (verifier) insert (x100000) rand into 2^15
(verifier) insert (x100000) rand into 2^15 5.70+-0.07                                         --
Throughputs for "(verifier) insert (x100000) rand into 2^16" running 5 times for at least 2 CPU seconds:
(verifier) insert (x100000) rand into 2^16: 7.92315 WALL (6.47936 usr + 0.22000 sys = 6.69936 CPU) @ 0.14927/s (n=1)
                                            (warning: too few iterations for a reliable count)
                                            6.09410 WALL (6.01376 usr + 0.08000 sys = 6.09376 CPU) @ 0.16410/s (n=1)
                                            (warning: too few iterations for a reliable count)
                                            6.09972 WALL (6.03928 usr + 0.05999 sys = 6.09928 CPU) @ 0.16395/s (n=1)
                                            (warning: too few iterations for a reliable count)
                                            6.08918 WALL (6.02174 usr + 0.06700 sys = 6.08874 CPU) @ 0.16424/s (n=1)
                                            (warning: too few iterations for a reliable count)
                                            6.06239 WALL (5.99118 usr + 0.07099 sys = 6.06217 CPU) @ 0.16496/s (n=1)
                                            (warning: too few iterations for a reliable count)
Allocated bytes: 4641
                                           s/iter     (verifier) insert (x100000) rand into 2^16
(verifier) insert (x100000) rand into 2^16 6.20+-0.22                                         --
Throughputs for "(verifier) insert (x100000) rand into 2^17" running 5 times for at least 2 CPU seconds:
(verifier) insert (x100000) rand into 2^17: 7.51768 WALL (6.53613 usr + 0.25091 sys = 6.78703 CPU) @ 0.14734/s (n=1)
                                            (warning: too few iterations for a reliable count)
                                            6.48730 WALL (6.41293 usr + 0.07400 sys = 6.48693 CPU) @ 0.15416/s (n=1)
                                            (warning: too few iterations for a reliable count)
                                            6.52223 WALL (6.45281 usr + 0.06900 sys = 6.52181 CPU) @ 0.15333/s (n=1)
                                            (warning: too few iterations for a reliable count)
                                            6.44832 WALL (6.37081 usr + 0.07698 sys = 6.44779 CPU) @ 0.15509/s (n=1)
                                            (warning: too few iterations for a reliable count)
                                            6.44190 WALL (6.37526 usr + 0.06599 sys = 6.44125 CPU) @ 0.15525/s (n=1)
                                            (warning: too few iterations for a reliable count)
Allocated bytes: 4049
                                           s/iter     (verifier) insert (x100000) rand into 2^17
(verifier) insert (x100000) rand into 2^17 6.53+-0.12                                         --
Throughputs for "(verifier) insert (x100000) rand into 2^18" running 5 times for at least 2 CPU seconds:
(verifier) insert (x100000) rand into 2^18: 7.20628 WALL (6.68113 usr + 0.19900 sys = 6.88012 CPU) @ 0.14535/s (n=1)
                                            (warning: too few iterations for a reliable count)
                                            6.69833 WALL (6.62392 usr + 0.07398 sys = 6.69790 CPU) @ 0.14930/s (n=1)
                                            (warning: too few iterations for a reliable count)
                                            6.66843 WALL (6.58778 usr + 0.08000 sys = 6.66778 CPU) @ 0.14997/s (n=1)
                                            (warning: too few iterations for a reliable count)
                                            6.73364 WALL (6.63099 usr + 0.10098 sys = 6.73197 CPU) @ 0.14854/s (n=1)
                                            (warning: too few iterations for a reliable count)
                                            6.71112 WALL (6.63472 usr + 0.07600 sys = 6.71072 CPU) @ 0.14902/s (n=1)
                                            (warning: too few iterations for a reliable count)
Allocated bytes: 5033
                                           s/iter     (verifier) insert (x100000) rand into 2^18
(verifier) insert (x100000) rand into 2^18 6.74+-0.07                                         --
Throughputs for "(verifier) insert (x100000) rand into 2^19" running 5 times for at least 2 CPU seconds:
(verifier) insert (x100000) rand into 2^19: 7.28664 WALL (6.95707 usr + 0.17592 sys = 7.13299 CPU) @ 0.14019/s (n=1)
                                            (warning: too few iterations for a reliable count)
                                            7.00265 WALL (6.92928 usr + 0.07299 sys = 7.00228 CPU) @ 0.14281/s (n=1)
                                            (warning: too few iterations for a reliable count)
                                            7.03385 WALL (6.94419 usr + 0.08899 sys = 7.03318 CPU) @ 0.14218/s (n=1)
                                            (warning: too few iterations for a reliable count)
                                            6.98380 WALL (6.91036 usr + 0.07299 sys = 6.98336 CPU) @ 0.14320/s (n=1)
                                            (warning: too few iterations for a reliable count)
                                            7.01540 WALL (6.92888 usr + 0.08600 sys = 7.01488 CPU) @ 0.14255/s (n=1)
                                            (warning: too few iterations for a reliable count)
Allocated bytes: 4290
                                           s/iter     (verifier) insert (x100000) rand into 2^19
(verifier) insert (x100000) rand into 2^19 7.03+-0.05                                         --
Throughputs for "(verifier) insert (x100000) rand into 2^20" running 5 times for at least 2 CPU seconds:
(verifier) insert (x100000) rand into 2^20: 7.62654 WALL (7.37699 usr + 0.17198 sys = 7.54897 CPU) @ 0.13247/s (n=1)
                                            (warning: too few iterations for a reliable count)
                                            7.41417 WALL (7.31366 usr + 0.10000 sys = 7.41366 CPU) @ 0.13489/s (n=1)
                                            (warning: too few iterations for a reliable count)
                                            7.39591 WALL (7.29832 usr + 0.09699 sys = 7.39531 CPU) @ 0.13522/s (n=1)
                                            (warning: too few iterations for a reliable count)
                                            7.36462 WALL (7.27724 usr + 0.08701 sys = 7.36425 CPU) @ 0.13579/s (n=1)
                                            (warning: too few iterations for a reliable count)
                                            7.35243 WALL (7.26899 usr + 0.08300 sys = 7.35200 CPU) @ 0.13602/s (n=1)
                                            (warning: too few iterations for a reliable count)
Allocated bytes: 4240
                                           s/iter     (verifier) insert (x100000) rand into 2^20
(verifier) insert (x100000) rand into 2^20 7.41+-0.07                                         --
Throughputs for "(verifier) insert (x100000) rand into 2^21" running 5 times for at least 2 CPU seconds:
(verifier) insert (x100000) rand into 2^21: 7.72097 WALL (7.50359 usr + 0.13097 sys = 7.63456 CPU) @ 0.13098/s (n=1)
                                            (warning: too few iterations for a reliable count)
                                            7.58128 WALL (7.49569 usr + 0.08498 sys = 7.58067 CPU) @ 0.13191/s (n=1)
                                            (warning: too few iterations for a reliable count)
                                            7.59808 WALL (7.50247 usr + 0.09499 sys = 7.59746 CPU) @ 0.13162/s (n=1)
                                            (warning: too few iterations for a reliable count)
                                            7.57747 WALL (7.49999 usr + 0.07701 sys = 7.57700 CPU) @ 0.13198/s (n=1)
                                            (warning: too few iterations for a reliable count)
                                            7.57484 WALL (7.48544 usr + 0.08900 sys = 7.57444 CPU) @ 0.13202/s (n=1)
                                            (warning: too few iterations for a reliable count)
Allocated bytes: 4407
                                           s/iter     (verifier) insert (x100000) rand into 2^21
(verifier) insert (x100000) rand into 2^21 7.59+-0.02                                         --


Throughputs for "(ideal) insert (x100000) rand into 2^4" running 5 times for at least 2 CPU seconds:
(ideal) insert (x100000) rand into 2^4: 2.38064 WALL (2.37942 usr + 0.00099 sys = 2.38041 CPU) @ 65.53507/s (n=156)
                                        2.37498 WALL (2.37355 usr + 0.00100 sys = 2.37455 CPU) @ 65.69674/s (n=156)
                                        2.38682 WALL (2.38669 usr + 0.00000 sys = 2.38669 CPU) @ 65.36246/s (n=156)
                                        2.37444 WALL (2.37432 usr + 0.00001 sys = 2.37433 CPU) @ 65.70272/s (n=156)
                                        2.41022 WALL (2.41008 usr + 0.00000 sys = 2.41008 CPU) @ 64.72809/s (n=156)
Allocated bytes: 4467
                                         Rate      (ideal) insert (x100000) rand into 2^4
(ideal) insert (x100000) rand into 2^4 65.4+-0.3/s                                     --
Throughputs for "(ideal) insert (x100000) rand into 2^5" running 5 times for at least 2 CPU seconds:
(ideal) insert (x100000) rand into 2^5: 2.24189 WALL (2.24177 usr + 0.00000 sys = 2.24177 CPU) @ 62.00472/s (n=139)
                                        2.24536 WALL (2.24521 usr + 0.00000 sys = 2.24521 CPU) @ 61.90947/s (n=139)
                                        2.23875 WALL (2.23864 usr + 0.00000 sys = 2.23864 CPU) @ 62.09119/s (n=139)
                                        2.24393 WALL (2.24383 usr + 0.00000 sys = 2.24383 CPU) @ 61.94768/s (n=139)
                                        2.24542 WALL (2.24527 usr + 0.00000 sys = 2.24527 CPU) @ 61.90795/s (n=139)
Allocated bytes: 5049
                                         Rate      (ideal) insert (x100000) rand into 2^5
(ideal) insert (x100000) rand into 2^5 62.0+-0.1/s                                     --
Throughputs for "(ideal) insert (x100000) rand into 2^6" running 5 times for at least 2 CPU seconds:
(ideal) insert (x100000) rand into 2^6: 2.09809 WALL (2.09798 usr + 0.00000 sys = 2.09798 CPU) @ 59.58115/s (n=125)
                                        2.09370 WALL (2.09356 usr + 0.00000 sys = 2.09356 CPU) @ 59.70694/s (n=125)
                                        2.09504 WALL (2.09494 usr + 0.00000 sys = 2.09494 CPU) @ 59.66752/s (n=125)
                                        2.09579 WALL (2.09571 usr + 0.00000 sys = 2.09571 CPU) @ 59.64574/s (n=125)
                                        2.09417 WALL (2.09406 usr + 0.00000 sys = 2.09406 CPU) @ 59.69265/s (n=125)
Allocated bytes: 5699
                                         Rate      (ideal) insert (x100000) rand into 2^6
(ideal) insert (x100000) rand into 2^6 59.7+-0.0/s                                     --
Throughputs for "(ideal) insert (x100000) rand into 2^7" running 5 times for at least 2 CPU seconds:
(ideal) insert (x100000) rand into 2^7: 2.06053 WALL (2.06037 usr + 0.00000 sys = 2.06037 CPU) @ 57.27127/s (n=118)
                                        2.07630 WALL (2.07616 usr + 0.00000 sys = 2.07616 CPU) @ 56.83583/s (n=118)
                                        2.07223 WALL (2.07218 usr + 0.00000 sys = 2.07218 CPU) @ 56.94489/s (n=118)
                                        2.05971 WALL (2.05962 usr + 0.00000 sys = 2.05962 CPU) @ 57.29201/s (n=118)
                                        2.06575 WALL (2.06465 usr + 0.00100 sys = 2.06565 CPU) @ 57.12479/s (n=118)
Allocated bytes: 7265
                                         Rate      (ideal) insert (x100000) rand into 2^7
(ideal) insert (x100000) rand into 2^7 57.1+-0.2/s                                     --
Throughputs for "(ideal) insert (x100000) rand into 2^8" running 5 times for at least 2 CPU seconds:
(ideal) insert (x100000) rand into 2^8: 2.08131 WALL (2.08124 usr + 0.00000 sys = 2.08124 CPU) @ 53.81399/s (n=112)
                                        2.08293 WALL (2.08287 usr + 0.00000 sys = 2.08287 CPU) @ 53.77183/s (n=112)
                                        2.08357 WALL (2.08349 usr + 0.00000 sys = 2.08350 CPU) @ 53.75583/s (n=112)
                                        2.09439 WALL (2.09423 usr + 0.00000 sys = 2.09423 CPU) @ 53.48017/s (n=112)
                                        2.08767 WALL (2.08754 usr + 0.00000 sys = 2.08754 CPU) @ 53.65162/s (n=112)
Allocated bytes: 9476
                                         Rate      (ideal) insert (x100000) rand into 2^8
(ideal) insert (x100000) rand into 2^8 53.7+-0.1/s                                     --
Throughputs for "(ideal) insert (x100000) rand into 2^9" running 5 times for at least 2 CPU seconds:
(ideal) insert (x100000) rand into 2^9: 2.08896 WALL (2.08883 usr + 0.00000 sys = 2.08883 CPU) @ 49.30990/s (n=103)
                                        2.09982 WALL (2.09972 usr + 0.00000 sys = 2.09972 CPU) @ 49.05418/s (n=103)
                                        2.10688 WALL (2.10678 usr + 0.00000 sys = 2.10678 CPU) @ 48.88975/s (n=103)
                                        2.10843 WALL (2.10828 usr + 0.00000 sys = 2.10828 CPU) @ 48.85506/s (n=103)
                                        2.08582 WALL (2.08571 usr + 0.00000 sys = 2.08571 CPU) @ 49.38376/s (n=103)
Allocated bytes: 18644
                                         Rate      (ideal) insert (x100000) rand into 2^9
(ideal) insert (x100000) rand into 2^9 49.1+-0.2/s                                     --
Throughputs for "(ideal) insert (x100000) rand into 2^10" running 5 times for at least 2 CPU seconds:
(ideal) insert (x100000) rand into 2^10: 2.09758 WALL (2.09745 usr + 0.00000 sys = 2.09745 CPU) @ 42.90914/s (n=90)
                                         2.09992 WALL (2.09981 usr + 0.00000 sys = 2.09981 CPU) @ 42.86100/s (n=90)
                                         2.09854 WALL (2.09840 usr + 0.00000 sys = 2.09840 CPU) @ 42.88984/s (n=90)
                                         2.10157 WALL (2.10146 usr + 0.00000 sys = 2.10146 CPU) @ 42.82733/s (n=90)
                                         2.09862 WALL (2.09853 usr + 0.00000 sys = 2.09853 CPU) @ 42.88714/s (n=90)
Allocated bytes: 38765
                                          Rate      (ideal) insert (x100000) rand into 2^10
(ideal) insert (x100000) rand into 2^10 42.9+-0.0/s                                      --
Throughputs for "(ideal) insert (x100000) rand into 2^11" running 5 times for at least 2 CPU seconds:
(ideal) insert (x100000) rand into 2^11: 2.10338 WALL (2.10326 usr + 0.00000 sys = 2.10326 CPU) @ 37.56076/s (n=79)
                                         2.08383 WALL (2.08374 usr + 0.00000 sys = 2.08374 CPU) @ 37.91254/s (n=79)
                                         2.08938 WALL (2.08926 usr + 0.00000 sys = 2.08926 CPU) @ 37.81234/s (n=79)
                                         2.10620 WALL (2.10510 usr + 0.00100 sys = 2.10609 CPU) @ 37.51023/s (n=79)
                                         2.08316 WALL (2.08309 usr + 0.00000 sys = 2.08309 CPU) @ 37.92445/s (n=79)
Allocated bytes: 73053
                                          Rate      (ideal) insert (x100000) rand into 2^11
(ideal) insert (x100000) rand into 2^11 37.7+-0.2/s                                      --
Throughputs for "(ideal) insert (x100000) rand into 2^12" running 5 times for at least 2 CPU seconds:
(ideal) insert (x100000) rand into 2^12: 2.02550 WALL (2.02540 usr + 0.00000 sys = 2.02540 CPU) @ 34.56116/s (n=70)
                                         2.02122 WALL (2.02114 usr + 0.00000 sys = 2.02114 CPU) @ 34.63387/s (n=70)
                                         2.02909 WALL (2.02890 usr + 0.00000 sys = 2.02890 CPU) @ 34.50147/s (n=70)
                                         2.02511 WALL (2.02501 usr + 0.00000 sys = 2.02501 CPU) @ 34.56775/s (n=70)
                                         2.03017 WALL (2.03007 usr + 0.00000 sys = 2.03007 CPU) @ 34.48159/s (n=70)
Allocated bytes: 131542
                                          Rate      (ideal) insert (x100000) rand into 2^12
(ideal) insert (x100000) rand into 2^12 34.5+-0.1/s                                      --
Throughputs for "(ideal) insert (x100000) rand into 2^13" running 5 times for at least 2 CPU seconds:
(ideal) insert (x100000) rand into 2^13: 2.38689 WALL (2.38677 usr + 0.00000 sys = 2.38677 CPU) @ 31.42321/s (n=75)
                                         2.39486 WALL (2.39470 usr + 0.00000 sys = 2.39470 CPU) @ 31.31915/s (n=75)
                                         2.38955 WALL (2.38946 usr + 0.00000 sys = 2.38946 CPU) @ 31.38787/s (n=75)
                                         2.40037 WALL (2.39927 usr + 0.00100 sys = 2.40026 CPU) @ 31.24658/s (n=75)
                                         2.40513 WALL (2.40501 usr + 0.00000 sys = 2.40501 CPU) @ 31.18491/s (n=75)
Allocated bytes: 251339
                                          Rate      (ideal) insert (x100000) rand into 2^13
(ideal) insert (x100000) rand into 2^13 31.3+-0.1/s                                      --
Throughputs for "(ideal) insert (x100000) rand into 2^14" running 5 times for at least 2 CPU seconds:
(ideal) insert (x100000) rand into 2^14: 2.08797 WALL (2.08785 usr + 0.00000 sys = 2.08785 CPU) @ 28.73764/s (n=60)
                                         2.08146 WALL (2.08135 usr + 0.00000 sys = 2.08135 CPU) @ 28.82742/s (n=60)
                                         2.08395 WALL (2.08379 usr + 0.00000 sys = 2.08379 CPU) @ 28.79367/s (n=60)
                                         2.09478 WALL (2.09461 usr + 0.00000 sys = 2.09461 CPU) @ 28.64499/s (n=60)
                                         2.08182 WALL (2.08173 usr + 0.00000 sys = 2.08174 CPU) @ 28.82211/s (n=60)
Allocated bytes: 461129
                                          Rate      (ideal) insert (x100000) rand into 2^14
(ideal) insert (x100000) rand into 2^14 28.8+-0.1/s                                      --
Throughputs for "(ideal) insert (x100000) rand into 2^15" running 5 times for at least 2 CPU seconds:
(ideal) insert (x100000) rand into 2^15: 2.13685 WALL (2.13659 usr + 0.00000 sys = 2.13659 CPU) @ 23.86976/s (n=51)
                                         2.06995 WALL (2.06977 usr + 0.00000 sys = 2.06977 CPU) @ 24.64038/s (n=51)
                                         2.08468 WALL (2.08452 usr + 0.00000 sys = 2.08452 CPU) @ 24.46602/s (n=51)
                                         2.05824 WALL (2.05813 usr + 0.00000 sys = 2.05813 CPU) @ 24.77978/s (n=51)
                                         2.06240 WALL (2.06231 usr + 0.00000 sys = 2.06231 CPU) @ 24.72956/s (n=51)
Allocated bytes: 792489
                                          Rate      (ideal) insert (x100000) rand into 2^15
(ideal) insert (x100000) rand into 2^15 24.5+-0.3/s                                      --
Throughputs for "(ideal) insert (x100000) rand into 2^16" running 5 times for at least 2 CPU seconds:
(ideal) insert (x100000) rand into 2^16: 2.04601 WALL (2.04591 usr + 0.00000 sys = 2.04591 CPU) @ 20.03995/s (n=41)
                                         2.06850 WALL (2.06843 usr + 0.00000 sys = 2.06843 CPU) @ 19.82183/s (n=41)
                                         2.08455 WALL (2.08443 usr + 0.00000 sys = 2.08443 CPU) @ 19.66965/s (n=41)
                                         2.05295 WALL (2.05288 usr + 0.00000 sys = 2.05288 CPU) @ 19.97196/s (n=41)
                                         2.07595 WALL (2.07578 usr + 0.00000 sys = 2.07578 CPU) @ 19.75159/s (n=41)
Allocated bytes: 1468211
                                          Rate      (ideal) insert (x100000) rand into 2^16
(ideal) insert (x100000) rand into 2^16 19.9+-0.1/s                                      --
Throughputs for "(ideal) insert (x100000) rand into 2^17" running 5 times for at least 2 CPU seconds:
(ideal) insert (x100000) rand into 2^17: 2.09622 WALL (2.09608 usr + 0.00000 sys = 2.09608 CPU) @ 16.69780/s (n=35)
                                         2.11138 WALL (2.11122 usr + 0.00000 sys = 2.11122 CPU) @ 16.57811/s (n=35)
                                         2.08187 WALL (2.08169 usr + 0.00000 sys = 2.08169 CPU) @ 16.81324/s (n=35)
                                         2.11804 WALL (2.11788 usr + 0.00000 sys = 2.11788 CPU) @ 16.52593/s (n=35)
                                         2.10087 WALL (2.10066 usr + 0.00000 sys = 2.10066 CPU) @ 16.66143/s (n=35)
Allocated bytes: 2828723
                                          Rate      (ideal) insert (x100000) rand into 2^17
(ideal) insert (x100000) rand into 2^17 16.7+-0.1/s                                      --
Throughputs for "(ideal) insert (x100000) rand into 2^18" running 5 times for at least 2 CPU seconds:
(ideal) insert (x100000) rand into 2^18: 2.00281 WALL (2.00256 usr + 0.00000 sys = 2.00256 CPU) @ 14.48149/s (n=29)
                                         2.04392 WALL (2.04375 usr + 0.00000 sys = 2.04375 CPU) @ 14.18958/s (n=29)
                                         2.01006 WALL (2.00992 usr + 0.00000 sys = 2.00992 CPU) @ 14.42844/s (n=29)
                                         2.04034 WALL (2.04011 usr + 0.00000 sys = 2.04011 CPU) @ 14.21493/s (n=29)
                                         2.03364 WALL (2.03339 usr + 0.00000 sys = 2.03339 CPU) @ 14.26192/s (n=29)
Allocated bytes: 5548417
                                          Rate      (ideal) insert (x100000) rand into 2^18
(ideal) insert (x100000) rand into 2^18 14.3+-0.1/s                                      --
Throughputs for "(ideal) insert (x100000) rand into 2^19" running 5 times for at least 2 CPU seconds:
(ideal) insert (x100000) rand into 2^19: 2.10294 WALL (2.10276 usr + 0.00000 sys = 2.10276 CPU) @ 12.36472/s (n=26)
                                         2.06751 WALL (2.06734 usr + 0.00000 sys = 2.06734 CPU) @ 12.57657/s (n=26)
                                         2.10455 WALL (2.10437 usr + 0.00000 sys = 2.10437 CPU) @ 12.35521/s (n=26)
                                         2.06009 WALL (2.05987 usr + 0.00000 sys = 2.05987 CPU) @ 12.62213/s (n=26)
                                         2.07948 WALL (2.07940 usr + 0.00000 sys = 2.07940 CPU) @ 12.50362/s (n=26)
Allocated bytes: 10985093
                                          Rate      (ideal) insert (x100000) rand into 2^19
(ideal) insert (x100000) rand into 2^19 12.5+-0.1/s                                      --
Throughputs for "(ideal) insert (x100000) rand into 2^20" running 5 times for at least 2 CPU seconds:
(ideal) insert (x100000) rand into 2^20: 2.17890 WALL (2.17867 usr + 0.00000 sys = 2.17867 CPU) @ 11.01588/s (n=24)
                                         2.02686 WALL (2.02648 usr + 0.00000 sys = 2.02648 CPU) @ 10.85625/s (n=22)
                                         2.03577 WALL (2.03563 usr + 0.00000 sys = 2.03563 CPU) @ 10.80744/s (n=22)
                                         2.01905 WALL (2.01893 usr + 0.00000 sys = 2.01893 CPU) @ 10.89685/s (n=22)
                                         2.18088 WALL (2.18076 usr + 0.00000 sys = 2.18076 CPU) @ 11.00532/s (n=24)
Allocated bytes: 21756878
                                          Rate      (ideal) insert (x100000) rand into 2^20
(ideal) insert (x100000) rand into 2^20 10.9+-0.1/s                                      --
Throughputs for "(ideal) insert (x100000) rand into 2^21" running 5 times for at least 2 CPU seconds:
(ideal) insert (x100000) rand into 2^21: 2.10198 WALL (2.10124 usr + 0.00000 sys = 2.10124 CPU) @ 9.51818/s (n=20)
                                         2.02159 WALL (2.02099 usr + 0.00000 sys = 2.02099 CPU) @ 9.40134/s (n=19)
                                         2.08406 WALL (2.08333 usr + 0.00000 sys = 2.08333 CPU) @ 9.12001/s (n=19)
                                         2.03889 WALL (2.03868 usr + 0.00000 sys = 2.03868 CPU) @ 9.31975/s (n=19)
                                         2.01395 WALL (2.01355 usr + 0.00000 sys = 2.01355 CPU) @ 9.43608/s (n=19)
Allocated bytes: 43003318
                                          Rate       (ideal) insert (x100000) rand into 2^21
(ideal) insert (x100000) rand into 2^21 9.36+-0.13/s                                      --

Building mtree 2^4... OK
OK
Building mtree 2^5... OK
OK
Building mtree 2^6... OK
OK
Building mtree 2^7... OK
OK
Building mtree 2^8... OK
OK
Building mtree 2^9... OK
OK
Building mtree 2^10... OK
OK
Building mtree 2^11... OK
OK
Building mtree 2^12... OK
OK
Building mtree 2^13... OK
OK
Building mtree 2^14... OK
OK
Building mtree 2^15... OK
OK
Building mtree 2^16... OK
OK
Building mtree 2^17... OK
OK
Building mtree 2^18... OK
OK
Throughputs for "(prover) validate (x100000) rand into 2^4" running 5 times for at least 2 CPU seconds:
(prover) validate (x100000) rand into 2^4: 13.72368 WALL (0.90201 usr + 1.36227 sys = 2.26428 CPU) @ 3.09149/s (n=7)
                                           7.50826 WALL (0.79218 usr + 1.27405 sys = 2.06623 CPU) @ 3.38781/s (n=7)
                                           8.74483 WALL (0.86009 usr + 1.40762 sys = 2.26771 CPU) @ 3.52779/s (n=8)
                                           8.79196 WALL (0.92725 usr + 1.32761 sys = 2.25487 CPU) @ 3.54788/s (n=8)
                                           7.81811 WALL (0.79973 usr + 1.31403 sys = 2.11376 CPU) @ 3.31163/s (n=7)
Allocated bytes: 13946
                                            Rate       (prover) validate (x100000) rand into 2^4
(prover) validate (x100000) rand into 2^4 3.37+-0.16/s                                        --
Throughputs for "(prover) validate (x100000) rand into 2^5" running 5 times for at least 2 CPU seconds:
(prover) validate (x100000) rand into 2^5: 8.53967 WALL (0.91743 usr + 1.35735 sys = 2.27478 CPU) @ 3.07722/s (n=7)
                                           8.54000 WALL (0.92721 usr + 1.40645 sys = 2.33367 CPU) @ 2.99957/s (n=7)
                                           8.41003 WALL (0.90610 usr + 1.37732 sys = 2.28342 CPU) @ 3.06557/s (n=7)
                                           8.59660 WALL (1.00975 usr + 1.30308 sys = 2.31283 CPU) @ 3.02660/s (n=7)
                                           8.58115 WALL (0.95081 usr + 1.35744 sys = 2.30825 CPU) @ 3.03260/s (n=7)
Allocated bytes: 16464
                                            Rate       (prover) validate (x100000) rand into 2^5
(prover) validate (x100000) rand into 2^5 3.04+-0.03/s                                        --
Throughputs for "(prover) validate (x100000) rand into 2^6" running 5 times for at least 2 CPU seconds:
(prover) validate (x100000) rand into 2^6: 7.98558 WALL (1.07993 usr + 1.15531 sys = 2.23524 CPU) @ 3.13166/s (n=7)
                                           7.75224 WALL (0.88473 usr + 1.17516 sys = 2.05989 CPU) @ 2.91278/s (n=6)
                                           8.39909 WALL (0.91868 usr + 1.16734 sys = 2.08601 CPU) @ 2.87630/s (n=6)
                                           9.20686 WALL (0.96851 usr + 1.16991 sys = 2.13842 CPU) @ 3.27345/s (n=7)
                                           7.89422 WALL (0.88462 usr + 1.19997 sys = 2.08459 CPU) @ 2.87826/s (n=6)
Allocated bytes: 22208
                                            Rate       (prover) validate (x100000) rand into 2^6
(prover) validate (x100000) rand into 2^6 3.01+-0.15/s                                        --
Throughputs for "(prover) validate (x100000) rand into 2^7" running 5 times for at least 2 CPU seconds:
(prover) validate (x100000) rand into 2^7: 7.26355 WALL (0.94179 usr + 1.14227 sys = 2.08406 CPU) @ 2.87900/s (n=6)
                                           8.13937 WALL (0.97111 usr + 1.30874 sys = 2.27985 CPU) @ 2.63175/s (n=6)
                                           8.20704 WALL (0.96033 usr + 1.23296 sys = 2.19330 CPU) @ 2.73561/s (n=6)
                                           8.09623 WALL (1.00284 usr + 1.24011 sys = 2.24294 CPU) @ 2.67506/s (n=6)
                                           8.09464 WALL (0.98256 usr + 1.13870 sys = 2.12127 CPU) @ 2.82850/s (n=6)
Allocated bytes: 32529
                                            Rate       (prover) validate (x100000) rand into 2^7
(prover) validate (x100000) rand into 2^7 2.75+-0.09/s                                        --
Throughputs for "(prover) validate (x100000) rand into 2^8" running 5 times for at least 2 CPU seconds:
(prover) validate (x100000) rand into 2^8: 7.62668 WALL (1.14246 usr + 1.08573 sys = 2.22819 CPU) @ 2.69277/s (n=6)
                                           8.75765 WALL (1.07026 usr + 1.16121 sys = 2.23147 CPU) @ 2.68881/s (n=6)
                                           9.08453 WALL (1.06317 usr + 1.30474 sys = 2.36791 CPU) @ 2.53388/s (n=6)
                                           7.28057 WALL (0.87053 usr + 1.13815 sys = 2.00868 CPU) @ 2.48919/s (n=5)
                                           8.77555 WALL (1.09736 usr + 1.25145 sys = 2.34881 CPU) @ 2.55449/s (n=6)
Allocated bytes: 52720
                                            Rate       (prover) validate (x100000) rand into 2^8
(prover) validate (x100000) rand into 2^8 2.59+-0.08/s                                        --
Throughputs for "(prover) validate (x100000) rand into 2^9" running 5 times for at least 2 CPU seconds:
(prover) validate (x100000) rand into 2^9: 7.96276 WALL (1.10735 usr + 1.09575 sys = 2.20310 CPU) @ 2.72343/s (n=6)
                                           9.30980 WALL (1.13929 usr + 1.24949 sys = 2.38878 CPU) @ 2.51174/s (n=6)
                                           9.39495 WALL (1.18575 usr + 1.12573 sys = 2.31147 CPU) @ 2.59575/s (n=6)
                                           9.20391 WALL (1.13154 usr + 1.19695 sys = 2.32850 CPU) @ 2.57677/s (n=6)
                                           9.40261 WALL (1.18009 usr + 1.17338 sys = 2.35347 CPU) @ 2.54943/s (n=6)
Allocated bytes: 92748
                                            Rate       (prover) validate (x100000) rand into 2^9
(prover) validate (x100000) rand into 2^9 2.59+-0.07/s                                        --
Throughputs for "(prover) validate (x100000) rand into 2^10" running 5 times for at least 2 CPU seconds:
(prover) validate (x100000) rand into 2^10: 8.48736 WALL (1.19232 usr + 1.13379 sys = 2.32610 CPU) @ 2.57942/s (n=6)
                                            9.83765 WALL (1.18318 usr + 1.17609 sys = 2.35928 CPU) @ 2.54315/s (n=6)
                                            8.48953 WALL (0.98708 usr + 1.02609 sys = 2.01318 CPU) @ 2.48363/s (n=5)
                                            10.12876 WALL (1.16783 usr + 1.19435 sys = 2.36218 CPU) @ 2.54003/s (n=6)
                                            8.34955 WALL (0.98449 usr + 1.04815 sys = 2.03264 CPU) @ 2.45986/s (n=5)
Allocated bytes: 170808
                                             Rate       (prover) validate (x100000) rand into 2^10
(prover) validate (x100000) rand into 2^10 2.52+-0.04/s                                         --
Throughputs for "(prover) validate (x100000) rand into 2^11" running 5 times for at least 2 CPU seconds:
(prover) validate (x100000) rand into 2^11: 7.22549 WALL (1.15894 usr + 0.94433 sys = 2.10328 CPU) @ 2.37724/s (n=5)
                                            8.99192 WALL (1.22568 usr + 1.10962 sys = 2.33529 CPU) @ 2.14106/s (n=5)
                                            8.53049 WALL (1.13338 usr + 1.10418 sys = 2.23756 CPU) @ 2.23458/s (n=5)
                                            8.50302 WALL (1.14472 usr + 1.05813 sys = 2.20285 CPU) @ 2.26978/s (n=5)
                                            8.77578 WALL (1.10108 usr + 1.03711 sys = 2.13820 CPU) @ 2.33842/s (n=5)
Allocated bytes: 328375
                                             Rate       (prover) validate (x100000) rand into 2^11
(prover) validate (x100000) rand into 2^11 2.27+-0.08/s                                         --
Throughputs for "(prover) validate (x100000) rand into 2^12" running 5 times for at least 2 CPU seconds:
(prover) validate (x100000) rand into 2^12: 7.80929 WALL (1.32296 usr + 0.99848 sys = 2.32145 CPU) @ 2.15383/s (n=5)
                                            9.00994 WALL (1.34001 usr + 1.13703 sys = 2.47705 CPU) @ 2.01853/s (n=5)
                                            8.95082 WALL (1.21582 usr + 1.27865 sys = 2.49447 CPU) @ 2.00444/s (n=5)
                                            9.25666 WALL (1.32873 usr + 1.06595 sys = 2.39468 CPU) @ 2.08796/s (n=5)
                                            7.46811 WALL (1.06068 usr + 0.97414 sys = 2.03482 CPU) @ 1.96578/s (n=4)
Allocated bytes: 641368
                                             Rate       (prover) validate (x100000) rand into 2^12
(prover) validate (x100000) rand into 2^12 2.05+-0.06/s                                         --
Throughputs for "(prover) validate (x100000) rand into 2^13" running 5 times for at least 2 CPU seconds:
(prover) validate (x100000) rand into 2^13: 8.41676 WALL (1.40414 usr + 1.09763 sys = 2.50177 CPU) @ 1.99858/s (n=5)
                                            7.70679 WALL (1.17869 usr + 0.99341 sys = 2.17210 CPU) @ 1.84154/s (n=4)
                                            7.32037 WALL (1.16794 usr + 0.92349 sys = 2.09142 CPU) @ 1.91257/s (n=4)
                                            7.35457 WALL (1.18470 usr + 0.98924 sys = 2.17394 CPU) @ 1.83997/s (n=4)
                                            7.30576 WALL (1.17348 usr + 0.88652 sys = 2.06000 CPU) @ 1.94175/s (n=4)
Allocated bytes: 1268809
                                             Rate       (prover) validate (x100000) rand into 2^13
(prover) validate (x100000) rand into 2^13 1.91+-0.06/s                                         --
Throughputs for "(prover) validate (x100000) rand into 2^14" running 5 times for at least 2 CPU seconds:
(prover) validate (x100000) rand into 2^14: 6.21129 WALL (1.24751 usr + 0.90143 sys = 2.14894 CPU) @ 1.86138/s (n=4)
                                            7.83425 WALL (1.30197 usr + 1.06207 sys = 2.36404 CPU) @ 1.69202/s (n=4)
                                            7.86942 WALL (1.19727 usr + 1.13920 sys = 2.33647 CPU) @ 1.71199/s (n=4)
                                            7.84886 WALL (1.23627 usr + 1.12130 sys = 2.35757 CPU) @ 1.69667/s (n=4)
                                            7.95015 WALL (1.32348 usr + 1.07008 sys = 2.39356 CPU) @ 1.67115/s (n=4)
Allocated bytes: 2523065
                                             Rate       (prover) validate (x100000) rand into 2^14
(prover) validate (x100000) rand into 2^14 1.73+-0.07/s                                         --
Throughputs for "(prover) validate (x100000) rand into 2^15" running 5 times for at least 2 CPU seconds:
(prover) validate (x100000) rand into 2^15: 6.81362 WALL (1.43077 usr + 0.95722 sys = 2.38800 CPU) @ 1.67504/s (n=4)
                                            8.04250 WALL (1.45728 usr + 1.09573 sys = 2.55300 CPU) @ 1.56678/s (n=4)
                                            8.18305 WALL (1.39561 usr + 1.15958 sys = 2.55519 CPU) @ 1.56544/s (n=4)
                                            8.15023 WALL (1.40811 usr + 1.07133 sys = 2.47944 CPU) @ 1.61327/s (n=4)
                                            8.19439 WALL (1.40713 usr + 1.02006 sys = 2.42719 CPU) @ 1.64800/s (n=4)
Allocated bytes: 5030712
                                             Rate       (prover) validate (x100000) rand into 2^15
(prover) validate (x100000) rand into 2^15 1.61+-0.04/s                                         --
Throughputs for "(prover) validate (x100000) rand into 2^16" running 5 times for at least 2 CPU seconds:
(prover) validate (x100000) rand into 2^16: 7.12324 WALL (1.62261 usr + 1.00732 sys = 2.62993 CPU) @ 1.52095/s (n=4)
                                            6.50813 WALL (1.23110 usr + 0.89903 sys = 2.13013 CPU) @ 1.40836/s (n=3)
                                            (warning: too few iterations for a reliable count)
                                            6.96567 WALL (1.24123 usr + 0.89861 sys = 2.13984 CPU) @ 1.40197/s (n=3)
                                            (warning: too few iterations for a reliable count)
                                            6.38610 WALL (1.23914 usr + 0.80727 sys = 2.04640 CPU) @ 1.46599/s (n=3)
                                            (warning: too few iterations for a reliable count)
                                            6.88341 WALL (1.25051 usr + 0.83582 sys = 2.08633 CPU) @ 1.43793/s (n=3)
                                            (warning: too few iterations for a reliable count)
Allocated bytes: 10043238
                                             Rate       (prover) validate (x100000) rand into 2^16
(prover) validate (x100000) rand into 2^16 1.45+-0.04/s                                         --
Throughputs for "(prover) validate (x100000) rand into 2^17" running 5 times for at least 2 CPU seconds:
(prover) validate (x100000) rand into 2^17: 5.35472 WALL (1.29211 usr + 0.81370 sys = 2.10581 CPU) @ 1.42463/s (n=3)
                                            (warning: too few iterations for a reliable count)
                                            7.03038 WALL (1.25047 usr + 1.02090 sys = 2.27137 CPU) @ 1.32079/s (n=3)
                                            (warning: too few iterations for a reliable count)
                                            6.76365 WALL (1.28199 usr + 0.91923 sys = 2.20122 CPU) @ 1.36288/s (n=3)
                                            (warning: too few iterations for a reliable count)
                                            6.97998 WALL (1.22879 usr + 1.02435 sys = 2.25314 CPU) @ 1.33147/s (n=3)
                                            (warning: too few iterations for a reliable count)
                                            7.10747 WALL (1.33796 usr + 0.89963 sys = 2.23760 CPU) @ 1.34073/s (n=3)
                                            (warning: too few iterations for a reliable count)
Allocated bytes: 20070269
                                             Rate       (prover) validate (x100000) rand into 2^17
(prover) validate (x100000) rand into 2^17 1.36+-0.04/s                                         --
Throughputs for "(prover) validate (x100000) rand into 2^18" running 5 times for at least 2 CPU seconds:
(prover) validate (x100000) rand into 2^18: 5.40280 WALL (1.48765 usr + 0.70838 sys = 2.19602 CPU) @ 1.36611/s (n=3)
                                            (warning: too few iterations for a reliable count)
                                            7.31721 WALL (1.48019 usr + 0.86096 sys = 2.34114 CPU) @ 1.28142/s (n=3)
                                            (warning: too few iterations for a reliable count)
                                            7.15695 WALL (1.41739 usr + 0.87575 sys = 2.29314 CPU) @ 1.30825/s (n=3)
                                            (warning: too few iterations for a reliable count)
                                            7.22897 WALL (1.45554 usr + 0.86382 sys = 2.31936 CPU) @ 1.29346/s (n=3)
                                            (warning: too few iterations for a reliable count)
                                            6.77163 WALL (1.45667 usr + 0.77952 sys = 2.23618 CPU) @ 1.34157/s (n=3)
                                            (warning: too few iterations for a reliable count)
Allocated bytes: 40125189
                                             Rate       (prover) validate (x100000) rand into 2^18
(prover) validate (x100000) rand into 2^18 1.32+-0.03/s                                         --
Throughputs for "(prover) validate (x100000) rand into 2^4" running 5 times for at least 2 CPU seconds:
(prover) validate (x100000) rand into 2^4: Fatal error: exception Assert_failure("examples/mtree.ml", 105, 4)
member -1: false
member 0: false
member 1: false
member 2: false
member 3: false
member 4: false
member 5: false
member 6: false
member 7: false
member 8: false
member 9: false
member 10: false
member 11: false
Building mtree 2^4... OK
OK
Building mtree 2^5... OK
OK
Building mtree 2^6... OK
OK
Building mtree 2^7... OK
OK
Building mtree 2^8... OK
OK
Building mtree 2^9... OK
OK
Building mtree 2^10... OK
OK
Building mtree 2^11... OK
OK
Building mtree 2^12... OK
OK
Building mtree 2^13... OK
OK
Building mtree 2^14... OK
OK
Building mtree 2^15... OK
OK
Building mtree 2^16... OK
OK
Building mtree 2^17... OK
OK
Building mtree 2^18... OK
OK
Fatal error: exception Assert_failure("examples/driver.ml", 253, 7)
